<?xml version="1.0" encoding="UTF-8"?>
<testsuite xmlns:xsi="http://www.w3.org/2001/XMLSchema-instance" xsi:noNamespaceSchemaLocation="https://maven.apache.org/surefire/maven-surefire-plugin/xsd/surefire-test-report-3.0.xsd" version="3.0" name="com.vaadin.testbenchexample.TermLifeIT" time="85.832" tests="4" errors="0" skipped="0" failures="0">
  <properties>
    <property name="java.specification.version" value="17"/>
    <property name="sun.cpu.isalist" value="amd64"/>
    <property name="sun.jnu.encoding" value="Cp1252"/>
    <property name="java.class.path" value="C:\Users\MariiaCherniak\Documents\GitHub\FTJ\target\test-classes;C:\Users\MariiaCherniak\Documents\GitHub\FTJ\target\classes;C:\Users\MariiaCherniak\.m2\repository\com\vaadin\vaadin\24.3.7\vaadin-24.3.7.jar;C:\Users\MariiaCherniak\.m2\repository\com\vaadin\vaadin-internal\24.3.7\vaadin-internal-24.3.7.jar;C:\Users\MariiaCherniak\.m2\repository\com\vaadin\vaadin-core-internal\24.3.7\vaadin-core-internal-24.3.7.jar;C:\Users\MariiaCherniak\.m2\repository\com\vaadin\flow-server\24.3.7\flow-server-24.3.7.jar;C:\Users\MariiaCherniak\.m2\repository\com\vaadin\servletdetector\throw-if-servlet3\1.0.2\throw-if-servlet3-1.0.2.jar;C:\Users\MariiaCherniak\.m2\repository\org\apache\commons\commons-fileupload2-jakarta\2.0.0-M1\commons-fileupload2-jakarta-2.0.0-M1.jar;C:\Users\MariiaCherniak\.m2\repository\org\apache\commons\commons-fileupload2-core\2.0.0-M1\commons-fileupload2-core-2.0.0-M1.jar;C:\Users\MariiaCherniak\.m2\repository\com\fasterxml\jackson\core\jackson-core\2.16.0\jackson-core-2.16.0.jar;C:\Users\MariiaCherniak\.m2\repository\org\jsoup\jsoup\1.17.2\jsoup-1.17.2.jar;C:\Users\MariiaCherniak\.m2\repository\com\helger\ph-css\7.0.1\ph-css-7.0.1.jar;C:\Users\MariiaCherniak\.m2\repository\com\helger\commons\ph-commons\11.1.0\ph-commons-11.1.0.jar;C:\Users\MariiaCherniak\.m2\repository\org\ow2\asm\asm\9.6\asm-9.6.jar;C:\Users\MariiaCherniak\.m2\repository\com\vaadin\external\gentyref\1.2.0.vaadin1\gentyref-1.2.0.vaadin1.jar;C:\Users\MariiaCherniak\.m2\repository\com\vaadin\flow-lit-template\24.3.7\flow-lit-template-24.3.7.jar;C:\Users\MariiaCherniak\.m2\repository\com\vaadin\flow-push\24.3.7\flow-push-24.3.7.jar;C:\Users\MariiaCherniak\.m2\repository\com\vaadin\external\atmosphere\atmosphere-runtime\3.0.4.slf4jvaadin1\atmosphere-runtime-3.0.4.slf4jvaadin1.jar;C:\Users\MariiaCherniak\.m2\repository\com\vaadin\flow-client\24.3.7\flow-client-24.3.7.jar;C:\Users\MariiaCherniak\.m2\repository\com\vaadin\flow-html-components\24.3.7\flow-html-components-24.3.7.jar;C:\Users\MariiaCherniak\.m2\repository\com\vaadin\flow-data\24.3.7\flow-data-24.3.7.jar;C:\Users\MariiaCherniak\.m2\repository\com\vaadin\flow-dnd\24.3.7\flow-dnd-24.3.7.jar;C:\Users\MariiaCherniak\.m2\repository\com\vaadin\vaadin-lumo-theme\24.3.7\vaadin-lumo-theme-24.3.7.jar;C:\Users\MariiaCherniak\.m2\repository\com\vaadin\vaadin-material-theme\24.3.7\vaadin-material-theme-24.3.7.jar;C:\Users\MariiaCherniak\.m2\repository\com\vaadin\vaadin-accordion-flow\24.3.7\vaadin-accordion-flow-24.3.7.jar;C:\Users\MariiaCherniak\.m2\repository\com\vaadin\vaadin-avatar-flow\24.3.7\vaadin-avatar-flow-24.3.7.jar;C:\Users\MariiaCherniak\.m2\repository\com\vaadin\vaadin-button-flow\24.3.7\vaadin-button-flow-24.3.7.jar;C:\Users\MariiaCherniak\.m2\repository\com\vaadin\vaadin-checkbox-flow\24.3.7\vaadin-checkbox-flow-24.3.7.jar;C:\Users\MariiaCherniak\.m2\repository\com\vaadin\vaadin-combo-box-flow\24.3.7\vaadin-combo-box-flow-24.3.7.jar;C:\Users\MariiaCherniak\.m2\repository\com\vaadin\vaadin-confirm-dialog-flow\24.3.7\vaadin-confirm-dialog-flow-24.3.7.jar;C:\Users\MariiaCherniak\.m2\repository\com\vaadin\vaadin-custom-field-flow\24.3.7\vaadin-custom-field-flow-24.3.7.jar;C:\Users\MariiaCherniak\.m2\repository\com\vaadin\vaadin-date-picker-flow\24.3.7\vaadin-date-picker-flow-24.3.7.jar;C:\Users\MariiaCherniak\.m2\repository\com\vaadin\vaadin-date-time-picker-flow\24.3.7\vaadin-date-time-picker-flow-24.3.7.jar;C:\Users\MariiaCherniak\.m2\repository\com\vaadin\vaadin-details-flow\24.3.7\vaadin-details-flow-24.3.7.jar;C:\Users\MariiaCherniak\.m2\repository\com\vaadin\vaadin-time-picker-flow\24.3.7\vaadin-time-picker-flow-24.3.7.jar;C:\Users\MariiaCherniak\.m2\repository\com\vaadin\vaadin-select-flow\24.3.7\vaadin-select-flow-24.3.7.jar;C:\Users\MariiaCherniak\.m2\repository\com\vaadin\vaadin-side-nav-flow\24.3.7\vaadin-side-nav-flow-24.3.7.jar;C:\Users\MariiaCherniak\.m2\repository\com\vaadin\vaadin-dialog-flow\24.3.7\vaadin-dialog-flow-24.3.7.jar;C:\Users\MariiaCherniak\.m2\repository\com\vaadin\vaadin-form-layout-flow\24.3.7\vaadin-form-layout-flow-24.3.7.jar;C:\Users\MariiaCherniak\.m2\repository\com\vaadin\vaadin-field-highlighter-flow\24.3.7\vaadin-field-highlighter-flow-24.3.7.jar;C:\Users\MariiaCherniak\.m2\repository\com\vaadin\vaadin-grid-flow\24.3.7\vaadin-grid-flow-24.3.7.jar;C:\Users\MariiaCherniak\.m2\repository\com\vaadin\vaadin-icons-flow\24.3.7\vaadin-icons-flow-24.3.7.jar;C:\Users\MariiaCherniak\.m2\repository\com\vaadin\vaadin-virtual-list-flow\24.3.7\vaadin-virtual-list-flow-24.3.7.jar;C:\Users\MariiaCherniak\.m2\repository\com\vaadin\vaadin-list-box-flow\24.3.7\vaadin-list-box-flow-24.3.7.jar;C:\Users\MariiaCherniak\.m2\repository\com\vaadin\vaadin-login-flow\24.3.7\vaadin-login-flow-24.3.7.jar;C:\Users\MariiaCherniak\.m2\repository\com\vaadin\vaadin-messages-flow\24.3.7\vaadin-messages-flow-24.3.7.jar;C:\Users\MariiaCherniak\.m2\repository\com\vaadin\vaadin-ordered-layout-flow\24.3.7\vaadin-ordered-layout-flow-24.3.7.jar;C:\Users\MariiaCherniak\.m2\repository\com\vaadin\vaadin-progress-bar-flow\24.3.7\vaadin-progress-bar-flow-24.3.7.jar;C:\Users\MariiaCherniak\.m2\repository\com\vaadin\vaadin-radio-button-flow\24.3.7\vaadin-radio-button-flow-24.3.7.jar;C:\Users\MariiaCherniak\.m2\repository\com\vaadin\vaadin-renderer-flow\24.3.7\vaadin-renderer-flow-24.3.7.jar;C:\Users\MariiaCherniak\.m2\repository\com\vaadin\vaadin-split-layout-flow\24.3.7\vaadin-split-layout-flow-24.3.7.jar;C:\Users\MariiaCherniak\.m2\repository\com\vaadin\vaadin-tabs-flow\24.3.7\vaadin-tabs-flow-24.3.7.jar;C:\Users\MariiaCherniak\.m2\repository\com\vaadin\vaadin-text-field-flow\24.3.7\vaadin-text-field-flow-24.3.7.jar;C:\Users\MariiaCherniak\.m2\repository\com\vaadin\vaadin-upload-flow\24.3.7\vaadin-upload-flow-24.3.7.jar;C:\Users\MariiaCherniak\.m2\repository\com\vaadin\vaadin-notification-flow\24.3.7\vaadin-notification-flow-24.3.7.jar;C:\Users\MariiaCherniak\.m2\repository\com\vaadin\vaadin-app-layout-flow\24.3.7\vaadin-app-layout-flow-24.3.7.jar;C:\Users\MariiaCherniak\.m2\repository\com\vaadin\vaadin-context-menu-flow\24.3.7\vaadin-context-menu-flow-24.3.7.jar;C:\Users\MariiaCherniak\.m2\repository\com\vaadin\vaadin-menu-bar-flow\24.3.7\vaadin-menu-bar-flow-24.3.7.jar;C:\Users\MariiaCherniak\.m2\repository\com\vaadin\vaadin-board-flow\24.3.7\vaadin-board-flow-24.3.7.jar;C:\Users\MariiaCherniak\.m2\repository\com\vaadin\vaadin-charts-flow\24.3.7\vaadin-charts-flow-24.3.7.jar;C:\Users\MariiaCherniak\.m2\repository\com\vaadin\vaadin-cookie-consent-flow\24.3.7\vaadin-cookie-consent-flow-24.3.7.jar;C:\Users\MariiaCherniak\.m2\repository\com\vaadin\vaadin-crud-flow\24.3.7\vaadin-crud-flow-24.3.7.jar;C:\Users\MariiaCherniak\.m2\repository\com\vaadin\vaadin-flow-components-base\24.3.7\vaadin-flow-components-base-24.3.7.jar;C:\Users\MariiaCherniak\.m2\repository\com\vaadin\vaadin-grid-pro-flow\24.3.7\vaadin-grid-pro-flow-24.3.7.jar;C:\Users\MariiaCherniak\.m2\repository\com\vaadin\vaadin-map-flow\24.3.7\vaadin-map-flow-24.3.7.jar;C:\Users\MariiaCherniak\.m2\repository\com\vaadin\vaadin-rich-text-editor-flow\24.3.7\vaadin-rich-text-editor-flow-24.3.7.jar;C:\Users\MariiaCherniak\.m2\repository\com\vaadin\collaboration-engine\6.2.1\collaboration-engine-6.2.1.jar;C:\Users\MariiaCherniak\.m2\repository\com\fasterxml\jackson\core\jackson-databind\2.15.2\jackson-databind-2.15.2.jar;C:\Users\MariiaCherniak\.m2\repository\com\fasterxml\jackson\core\jackson-annotations\2.15.2\jackson-annotations-2.15.2.jar;C:\Users\MariiaCherniak\.m2\repository\com\fasterxml\jackson\datatype\jackson-datatype-jsr310\2.15.2\jackson-datatype-jsr310-2.15.2.jar;C:\Users\MariiaCherniak\.m2\repository\com\vaadin\vaadin-core\24.3.7\vaadin-core-24.3.7.jar;C:\Users\MariiaCherniak\.m2\repository\com\vaadin\vaadin-dev\24.3.7\vaadin-dev-24.3.7.jar;C:\Users\MariiaCherniak\.m2\repository\com\vaadin\vaadin-dev-server\24.3.7\vaadin-dev-server-24.3.7.jar;C:\Users\MariiaCherniak\.m2\repository\com\github\javaparser\javaparser-core\3.25.6\javaparser-core-3.25.6.jar;C:\Users\MariiaCherniak\.m2\repository\io\methvin\directory-watcher\0.18.0\directory-watcher-0.18.0.jar;C:\Users\MariiaCherniak\.m2\repository\com\vaadin\vaadin-dev-bundle\24.3.7\vaadin-dev-bundle-24.3.7.jar;C:\Users\MariiaCherniak\.m2\repository\org\parttio\line-awesome\2.0.0\line-awesome-2.0.0.jar;C:\Users\MariiaCherniak\.m2\repository\jakarta\servlet\jakarta.servlet-api\6.0.0\jakarta.servlet-api-6.0.0.jar;C:\Users\MariiaCherniak\.m2\repository\com\vaadin\vaadin-testbench\24.3.7\vaadin-testbench-24.3.7.jar;C:\Users\MariiaCherniak\.m2\repository\com\vaadin\flow-html-components-testbench\24.3.7\flow-html-components-testbench-24.3.7.jar;C:\Users\MariiaCherniak\.m2\repository\com\vaadin\vaadin-accordion-testbench\24.3.7\vaadin-accordion-testbench-24.3.7.jar;C:\Users\MariiaCherniak\.m2\repository\com\vaadin\vaadin-app-layout-testbench\24.3.7\vaadin-app-layout-testbench-24.3.7.jar;C:\Users\MariiaCherniak\.m2\repository\com\vaadin\vaadin-avatar-testbench\24.3.7\vaadin-avatar-testbench-24.3.7.jar;C:\Users\MariiaCherniak\.m2\repository\com\vaadin\vaadin-board-testbench\24.3.7\vaadin-board-testbench-24.3.7.jar;C:\Users\MariiaCherniak\.m2\repository\com\vaadin\vaadin-button-testbench\24.3.7\vaadin-button-testbench-24.3.7.jar;C:\Users\MariiaCherniak\.m2\repository\com\vaadin\vaadin-charts-testbench\24.3.7\vaadin-charts-testbench-24.3.7.jar;C:\Users\MariiaCherniak\.m2\repository\com\vaadin\vaadin-checkbox-testbench\24.3.7\vaadin-checkbox-testbench-24.3.7.jar;C:\Users\MariiaCherniak\.m2\repository\com\vaadin\vaadin-combo-box-testbench\24.3.7\vaadin-combo-box-testbench-24.3.7.jar;C:\Users\MariiaCherniak\.m2\repository\com\vaadin\vaadin-confirm-dialog-testbench\24.3.7\vaadin-confirm-dialog-testbench-24.3.7.jar;C:\Users\MariiaCherniak\.m2\repository\com\vaadin\vaadin-context-menu-testbench\24.3.7\vaadin-context-menu-testbench-24.3.7.jar;C:\Users\MariiaCherniak\.m2\repository\com\vaadin\vaadin-cookie-consent-testbench\24.3.7\vaadin-cookie-consent-testbench-24.3.7.jar;C:\Users\MariiaCherniak\.m2\repository\com\vaadin\vaadin-crud-testbench\24.3.7\vaadin-crud-testbench-24.3.7.jar;C:\Users\MariiaCherniak\.m2\repository\com\vaadin\vaadin-custom-field-testbench\24.3.7\vaadin-custom-field-testbench-24.3.7.jar;C:\Users\MariiaCherniak\.m2\repository\com\vaadin\vaadin-date-picker-testbench\24.3.7\vaadin-date-picker-testbench-24.3.7.jar;C:\Users\MariiaCherniak\.m2\repository\com\vaadin\vaadin-date-time-picker-testbench\24.3.7\vaadin-date-time-picker-testbench-24.3.7.jar;C:\Users\MariiaCherniak\.m2\repository\com\vaadin\vaadin-details-testbench\24.3.7\vaadin-details-testbench-24.3.7.jar;C:\Users\MariiaCherniak\.m2\repository\com\vaadin\vaadin-dialog-testbench\24.3.7\vaadin-dialog-testbench-24.3.7.jar;C:\Users\MariiaCherniak\.m2\repository\com\vaadin\vaadin-form-layout-testbench\24.3.7\vaadin-form-layout-testbench-24.3.7.jar;C:\Users\MariiaCherniak\.m2\repository\com\vaadin\vaadin-grid-testbench\24.3.7\vaadin-grid-testbench-24.3.7.jar;C:\Users\MariiaCherniak\.m2\repository\com\vaadin\vaadin-grid-pro-testbench\24.3.7\vaadin-grid-pro-testbench-24.3.7.jar;C:\Users\MariiaCherniak\.m2\repository\com\vaadin\vaadin-icons-testbench\24.3.7\vaadin-icons-testbench-24.3.7.jar;C:\Users\MariiaCherniak\.m2\repository\com\vaadin\vaadin-virtual-list-testbench\24.3.7\vaadin-virtual-list-testbench-24.3.7.jar;C:\Users\MariiaCherniak\.m2\repository\com\vaadin\vaadin-list-box-testbench\24.3.7\vaadin-list-box-testbench-24.3.7.jar;C:\Users\MariiaCherniak\.m2\repository\com\vaadin\vaadin-login-testbench\24.3.7\vaadin-login-testbench-24.3.7.jar;C:\Users\MariiaCherniak\.m2\repository\com\vaadin\vaadin-menu-bar-testbench\24.3.7\vaadin-menu-bar-testbench-24.3.7.jar;C:\Users\MariiaCherniak\.m2\repository\com\vaadin\vaadin-messages-testbench\24.3.7\vaadin-messages-testbench-24.3.7.jar;C:\Users\MariiaCherniak\.m2\repository\com\vaadin\vaadin-notification-testbench\24.3.7\vaadin-notification-testbench-24.3.7.jar;C:\Users\MariiaCherniak\.m2\repository\com\vaadin\vaadin-ordered-layout-testbench\24.3.7\vaadin-ordered-layout-testbench-24.3.7.jar;C:\Users\MariiaCherniak\.m2\repository\com\vaadin\vaadin-progress-bar-testbench\24.3.7\vaadin-progress-bar-testbench-24.3.7.jar;C:\Users\MariiaCherniak\.m2\repository\com\vaadin\vaadin-radio-button-testbench\24.3.7\vaadin-radio-button-testbench-24.3.7.jar;C:\Users\MariiaCherniak\.m2\repository\com\vaadin\vaadin-rich-text-editor-testbench\24.3.7\vaadin-rich-text-editor-testbench-24.3.7.jar;C:\Users\MariiaCherniak\.m2\repository\com\vaadin\vaadin-select-testbench\24.3.7\vaadin-select-testbench-24.3.7.jar;C:\Users\MariiaCherniak\.m2\repository\com\vaadin\vaadin-side-nav-testbench\24.3.7\vaadin-side-nav-testbench-24.3.7.jar;C:\Users\MariiaCherniak\.m2\repository\com\vaadin\vaadin-split-layout-testbench\24.3.7\vaadin-split-layout-testbench-24.3.7.jar;C:\Users\MariiaCherniak\.m2\repository\com\vaadin\vaadin-tabs-testbench\24.3.7\vaadin-tabs-testbench-24.3.7.jar;C:\Users\MariiaCherniak\.m2\repository\com\vaadin\vaadin-text-field-testbench\24.3.7\vaadin-text-field-testbench-24.3.7.jar;C:\Users\MariiaCherniak\.m2\repository\com\vaadin\vaadin-time-picker-testbench\24.3.7\vaadin-time-picker-testbench-24.3.7.jar;C:\Users\MariiaCherniak\.m2\repository\com\vaadin\vaadin-upload-testbench\24.3.7\vaadin-upload-testbench-24.3.7.jar;C:\Users\MariiaCherniak\.m2\repository\org\apache\poi\poi\5.2.3\poi-5.2.3.jar;C:\Users\MariiaCherniak\.m2\repository\commons-codec\commons-codec\1.15\commons-codec-1.15.jar;C:\Users\MariiaCherniak\.m2\repository\org\apache\commons\commons-collections4\4.4\commons-collections4-4.4.jar;C:\Users\MariiaCherniak\.m2\repository\org\apache\commons\commons-math3\3.6.1\commons-math3-3.6.1.jar;C:\Users\MariiaCherniak\.m2\repository\commons-io\commons-io\2.11.0\commons-io-2.11.0.jar;C:\Users\MariiaCherniak\.m2\repository\com\zaxxer\SparseBitSet\1.2\SparseBitSet-1.2.jar;C:\Users\MariiaCherniak\.m2\repository\org\apache\poi\poi-ooxml\5.2.3\poi-ooxml-5.2.3.jar;C:\Users\MariiaCherniak\.m2\repository\org\apache\poi\poi-ooxml-lite\5.2.3\poi-ooxml-lite-5.2.3.jar;C:\Users\MariiaCherniak\.m2\repository\org\apache\commons\commons-compress\1.21\commons-compress-1.21.jar;C:\Users\MariiaCherniak\.m2\repository\com\github\virtuald\curvesapi\1.07\curvesapi-1.07.jar;C:\Users\MariiaCherniak\.m2\repository\org\apache\poi\poi-ooxml-schemas\4.1.2\poi-ooxml-schemas-4.1.2.jar;C:\Users\MariiaCherniak\.m2\repository\org\apache\xmlbeans\xmlbeans\5.1.1\xmlbeans-5.1.1.jar;C:\Users\MariiaCherniak\.m2\repository\org\apache\logging\log4j\log4j-api\2.17.1\log4j-api-2.17.1.jar;C:\Users\MariiaCherniak\.m2\repository\org\apache\logging\log4j\log4j-core\2.17.1\log4j-core-2.17.1.jar;C:\Users\MariiaCherniak\.m2\repository\com\h2database\h2\2.2.224\h2-2.2.224.jar;C:\Users\MariiaCherniak\.m2\repository\com\vaadin\vaadin-testbench-core-junit5\9.2.3\vaadin-testbench-core-junit5-9.2.3.jar;C:\Users\MariiaCherniak\.m2\repository\org\seleniumhq\selenium\selenium-remote-driver\4.18.0\selenium-remote-driver-4.18.0.jar;C:\Users\MariiaCherniak\.m2\repository\com\google\guava\guava\33.0.0-jre\guava-33.0.0-jre.jar;C:\Users\MariiaCherniak\.m2\repository\com\google\guava\failureaccess\1.0.2\failureaccess-1.0.2.jar;C:\Users\MariiaCherniak\.m2\repository\com\google\guava\listenablefuture\9999.0-empty-to-avoid-conflict-with-guava\listenablefuture-9999.0-empty-to-avoid-conflict-with-guava.jar;C:\Users\MariiaCherniak\.m2\repository\com\google\code\findbugs\jsr305\3.0.2\jsr305-3.0.2.jar;C:\Users\MariiaCherniak\.m2\repository\org\checkerframework\checker-qual\3.41.0\checker-qual-3.41.0.jar;C:\Users\MariiaCherniak\.m2\repository\com\google\errorprone\error_prone_annotations\2.23.0\error_prone_annotations-2.23.0.jar;C:\Users\MariiaCherniak\.m2\repository\com\google\j2objc\j2objc-annotations\2.8\j2objc-annotations-2.8.jar;C:\Users\MariiaCherniak\.m2\repository\io\opentelemetry\semconv\opentelemetry-semconv\1.23.1-alpha\opentelemetry-semconv-1.23.1-alpha.jar;C:\Users\MariiaCherniak\.m2\repository\io\opentelemetry\opentelemetry-api\1.35.0\opentelemetry-api-1.35.0.jar;C:\Users\MariiaCherniak\.m2\repository\io\opentelemetry\opentelemetry-context\1.35.0\opentelemetry-context-1.35.0.jar;C:\Users\MariiaCherniak\.m2\repository\io\opentelemetry\opentelemetry-exporter-logging\1.35.0\opentelemetry-exporter-logging-1.35.0.jar;C:\Users\MariiaCherniak\.m2\repository\io\opentelemetry\opentelemetry-sdk-common\1.35.0\opentelemetry-sdk-common-1.35.0.jar;C:\Users\MariiaCherniak\.m2\repository\io\opentelemetry\opentelemetry-sdk-extension-autoconfigure-spi\1.35.0\opentelemetry-sdk-extension-autoconfigure-spi-1.35.0.jar;C:\Users\MariiaCherniak\.m2\repository\io\opentelemetry\opentelemetry-sdk-extension-autoconfigure\1.35.0\opentelemetry-sdk-extension-autoconfigure-1.35.0.jar;C:\Users\MariiaCherniak\.m2\repository\io\opentelemetry\opentelemetry-api-events\1.35.0-alpha\opentelemetry-api-events-1.35.0-alpha.jar;C:\Users\MariiaCherniak\.m2\repository\io\opentelemetry\opentelemetry-sdk-trace\1.35.0\opentelemetry-sdk-trace-1.35.0.jar;C:\Users\MariiaCherniak\.m2\repository\io\opentelemetry\opentelemetry-extension-incubator\1.35.0-alpha\opentelemetry-extension-incubator-1.35.0-alpha.jar;C:\Users\MariiaCherniak\.m2\repository\io\opentelemetry\opentelemetry-sdk\1.35.0\opentelemetry-sdk-1.35.0.jar;C:\Users\MariiaCherniak\.m2\repository\io\opentelemetry\opentelemetry-sdk-metrics\1.35.0\opentelemetry-sdk-metrics-1.35.0.jar;C:\Users\MariiaCherniak\.m2\repository\io\opentelemetry\opentelemetry-sdk-logs\1.35.0\opentelemetry-sdk-logs-1.35.0.jar;C:\Users\MariiaCherniak\.m2\repository\net\bytebuddy\byte-buddy\1.14.12\byte-buddy-1.14.12.jar;C:\Users\MariiaCherniak\.m2\repository\org\seleniumhq\selenium\selenium-http\4.18.0\selenium-http-4.18.0.jar;C:\Users\MariiaCherniak\.m2\repository\dev\failsafe\failsafe\3.3.2\failsafe-3.3.2.jar;C:\Users\MariiaCherniak\.m2\repository\org\seleniumhq\selenium\selenium-os\4.18.0\selenium-os-4.18.0.jar;C:\Users\MariiaCherniak\.m2\repository\org\apache\commons\commons-exec\1.3\commons-exec-1.3.jar;C:\Users\MariiaCherniak\.m2\repository\org\slf4j\slf4j-api\2.0.4\slf4j-api-2.0.4.jar;C:\Users\MariiaCherniak\.m2\repository\org\junit\jupiter\junit-jupiter\5.9.1\junit-jupiter-5.9.1.jar;C:\Users\MariiaCherniak\.m2\repository\org\junit\jupiter\junit-jupiter-params\5.9.1\junit-jupiter-params-5.9.1.jar;C:\Users\MariiaCherniak\.m2\repository\org\junit\jupiter\junit-jupiter-engine\5.9.1\junit-jupiter-engine-5.9.1.jar;C:\Users\MariiaCherniak\.m2\repository\org\junit\platform\junit-platform-engine\1.9.1\junit-platform-engine-1.9.1.jar;C:\Users\MariiaCherniak\.m2\repository\org\javassist\javassist\3.28.0-GA\javassist-3.28.0-GA.jar;C:\Users\MariiaCherniak\.m2\repository\com\vaadin\license-checker\1.12.8\license-checker-1.12.8.jar;C:\Users\MariiaCherniak\.m2\repository\com\github\oshi\oshi-core\6.4.10\oshi-core-6.4.10.jar;C:\Users\MariiaCherniak\.m2\repository\net\java\dev\jna\jna-platform\5.14.0\jna-platform-5.14.0.jar;C:\Users\MariiaCherniak\.m2\repository\com\nimbusds\nimbus-jose-jwt\9.37.3\nimbus-jose-jwt-9.37.3.jar;C:\Users\MariiaCherniak\.m2\repository\org\lucee\jcip-annotations\1.0.0\jcip-annotations-1.0.0.jar;C:\Users\MariiaCherniak\.m2\repository\com\vaadin\open\8.5.0\open-8.5.0.jar;C:\Users\MariiaCherniak\.m2\repository\com\vaadin\external\gwt\gwt-elemental\2.8.2.vaadin2\gwt-elemental-2.8.2.vaadin2.jar;C:\Users\MariiaCherniak\.m2\repository\com\vaadin\vaadin-testbench-unit-junit5\9.2.3\vaadin-testbench-unit-junit5-9.2.3.jar;C:\Users\MariiaCherniak\.m2\repository\com\vaadin\vaadin-testbench-unit-shared\9.2.3\vaadin-testbench-unit-shared-9.2.3.jar;C:\Users\MariiaCherniak\.m2\repository\io\github\classgraph\classgraph\4.8.146\classgraph-4.8.146.jar;C:\Users\MariiaCherniak\.m2\repository\org\jetbrains\kotlin\kotlin-stdlib-jdk8\1.6.21\kotlin-stdlib-jdk8-1.6.21.jar;C:\Users\MariiaCherniak\.m2\repository\org\jetbrains\kotlin\kotlin-stdlib\1.6.21\kotlin-stdlib-1.6.21.jar;C:\Users\MariiaCherniak\.m2\repository\org\jetbrains\kotlin\kotlin-stdlib-common\1.6.21\kotlin-stdlib-common-1.6.21.jar;C:\Users\MariiaCherniak\.m2\repository\org\jetbrains\annotations\13.0\annotations-13.0.jar;C:\Users\MariiaCherniak\.m2\repository\org\jetbrains\kotlin\kotlin-stdlib-jdk7\1.6.21\kotlin-stdlib-jdk7-1.6.21.jar;C:\Users\MariiaCherniak\.m2\repository\org\jetbrains\kotlin\kotlin-reflect\1.6.21\kotlin-reflect-1.6.21.jar;C:\Users\MariiaCherniak\.m2\repository\com\vaadin\vaadin-testbench-shared\9.2.3\vaadin-testbench-shared-9.2.3.jar;C:\Users\MariiaCherniak\.m2\repository\junit\junit\4.13.2\junit-4.13.2.jar;C:\Users\MariiaCherniak\.m2\repository\org\hamcrest\hamcrest-core\1.3\hamcrest-core-1.3.jar;C:\Users\MariiaCherniak\.m2\repository\org\jbehave\jbehave-core\5.1.1\jbehave-core-5.1.1.jar;C:\Users\MariiaCherniak\.m2\repository\org\junit\platform\junit-platform-launcher\1.9.2\junit-platform-launcher-1.9.2.jar;C:\Users\MariiaCherniak\.m2\repository\org\junit\vintage\junit-vintage-engine\5.9.2\junit-vintage-engine-5.9.2.jar;C:\Users\MariiaCherniak\.m2\repository\org\apache\commons\commons-lang3\3.12.0\commons-lang3-3.12.0.jar;C:\Users\MariiaCherniak\.m2\repository\org\apache\commons\commons-text\1.10.0\commons-text-1.10.0.jar;C:\Users\MariiaCherniak\.m2\repository\org\codehaus\plexus\plexus-utils\3.5.0\plexus-utils-3.5.0.jar;C:\Users\MariiaCherniak\.m2\repository\org\freemarker\freemarker\2.3.32\freemarker-2.3.32.jar;C:\Users\MariiaCherniak\.m2\repository\com\google\code\gson\gson\2.10.1\gson-2.10.1.jar;C:\Users\MariiaCherniak\.m2\repository\com\thoughtworks\paranamer\paranamer\2.8\paranamer-2.8.jar;C:\Users\MariiaCherniak\.m2\repository\org\slf4j\slf4j-simple\2.0.4\slf4j-simple-2.0.4.jar;C:\Users\MariiaCherniak\.m2\repository\io\github\bonigarcia\selenium-jupiter\5.1.0\selenium-jupiter-5.1.0.jar;C:\Users\MariiaCherniak\.m2\repository\org\seleniumhq\selenium\selenium-java\4.27.0\selenium-java-4.27.0.jar;C:\Users\MariiaCherniak\.m2\repository\org\seleniumhq\selenium\selenium-api\4.18.0\selenium-api-4.18.0.jar;C:\Users\MariiaCherniak\.m2\repository\org\seleniumhq\selenium\selenium-devtools-v129\4.27.0\selenium-devtools-v129-4.27.0.jar;C:\Users\MariiaCherniak\.m2\repository\org\seleniumhq\selenium\selenium-devtools-v130\4.27.0\selenium-devtools-v130-4.27.0.jar;C:\Users\MariiaCherniak\.m2\repository\org\seleniumhq\selenium\selenium-devtools-v131\4.27.0\selenium-devtools-v131-4.27.0.jar;C:\Users\MariiaCherniak\.m2\repository\org\seleniumhq\selenium\selenium-devtools-v85\4.18.0\selenium-devtools-v85-4.18.0.jar;C:\Users\MariiaCherniak\.m2\repository\org\seleniumhq\selenium\selenium-edge-driver\4.18.0\selenium-edge-driver-4.18.0.jar;C:\Users\MariiaCherniak\.m2\repository\org\seleniumhq\selenium\selenium-firefox-driver\4.18.0\selenium-firefox-driver-4.18.0.jar;C:\Users\MariiaCherniak\.m2\repository\org\seleniumhq\selenium\selenium-ie-driver\4.18.0\selenium-ie-driver-4.18.0.jar;C:\Users\MariiaCherniak\.m2\repository\org\seleniumhq\selenium\selenium-safari-driver\4.18.0\selenium-safari-driver-4.18.0.jar;C:\Users\MariiaCherniak\.m2\repository\org\seleniumhq\selenium\selenium-support\4.18.0\selenium-support-4.18.0.jar;C:\Users\MariiaCherniak\.m2\repository\io\github\bonigarcia\webdrivermanager\5.7.0\webdrivermanager-5.7.0.jar;C:\Users\MariiaCherniak\.m2\repository\com\github\docker-java\docker-java\3.3.5\docker-java-3.3.5.jar;C:\Users\MariiaCherniak\.m2\repository\com\github\docker-java\docker-java-core\3.3.5\docker-java-core-3.3.5.jar;C:\Users\MariiaCherniak\.m2\repository\com\github\docker-java\docker-java-api\3.3.5\docker-java-api-3.3.5.jar;C:\Users\MariiaCherniak\.m2\repository\org\bouncycastle\bcpkix-jdk18on\1.76\bcpkix-jdk18on-1.76.jar;C:\Users\MariiaCherniak\.m2\repository\org\bouncycastle\bcprov-jdk18on\1.76\bcprov-jdk18on-1.76.jar;C:\Users\MariiaCherniak\.m2\repository\org\bouncycastle\bcutil-jdk18on\1.76\bcutil-jdk18on-1.76.jar;C:\Users\MariiaCherniak\.m2\repository\org\slf4j\jcl-over-slf4j\1.7.30\jcl-over-slf4j-1.7.30.jar;C:\Users\MariiaCherniak\.m2\repository\com\github\docker-java\docker-java-transport-httpclient5\3.3.5\docker-java-transport-httpclient5-3.3.5.jar;C:\Users\MariiaCherniak\.m2\repository\com\github\docker-java\docker-java-transport\3.3.5\docker-java-transport-3.3.5.jar;C:\Users\MariiaCherniak\.m2\repository\net\java\dev\jna\jna\5.14.0\jna-5.14.0.jar;C:\Users\MariiaCherniak\.m2\repository\org\brotli\dec\0.1.2\dec-0.1.2.jar;C:\Users\MariiaCherniak\.m2\repository\org\apache\httpcomponents\client5\httpclient5\5.2.1\httpclient5-5.2.1.jar;C:\Users\MariiaCherniak\.m2\repository\org\apache\httpcomponents\core5\httpcore5\5.2\httpcore5-5.2.jar;C:\Users\MariiaCherniak\.m2\repository\org\apache\httpcomponents\core5\httpcore5-h2\5.2\httpcore5-h2-5.2.jar;C:\Users\MariiaCherniak\.m2\repository\org\junit\jupiter\junit-jupiter-api\5.10.2\junit-jupiter-api-5.10.2.jar;C:\Users\MariiaCherniak\.m2\repository\org\opentest4j\opentest4j\1.3.0\opentest4j-1.3.0.jar;C:\Users\MariiaCherniak\.m2\repository\org\junit\platform\junit-platform-commons\1.10.2\junit-platform-commons-1.10.2.jar;C:\Users\MariiaCherniak\.m2\repository\org\apiguardian\apiguardian-api\1.1.2\apiguardian-api-1.1.2.jar;C:\Users\MariiaCherniak\.m2\repository\com\vaadin\vaadin-testbench-core\9.2.2\vaadin-testbench-core-9.2.2.jar;C:\Users\MariiaCherniak\.m2\repository\com\vaadin\vaadin-testbench-unit\9.2.3\vaadin-testbench-unit-9.2.3.jar;C:\Users\MariiaCherniak\.m2\repository\org\seleniumhq\selenium\selenium-chrome-driver\4.18.0\selenium-chrome-driver-4.18.0.jar;C:\Users\MariiaCherniak\.m2\repository\com\google\auto\service\auto-service-annotations\1.1.1\auto-service-annotations-1.1.1.jar;C:\Users\MariiaCherniak\.m2\repository\org\seleniumhq\selenium\selenium-chromium-driver\4.18.0\selenium-chromium-driver-4.18.0.jar;C:\Users\MariiaCherniak\.m2\repository\org\seleniumhq\selenium\selenium-json\4.18.0\selenium-json-4.18.0.jar;C:\Users\MariiaCherniak\.m2\repository\org\seleniumhq\selenium\selenium-manager\4.18.0\selenium-manager-4.18.0.jar;C:\Users\MariiaCherniak\.m2\repository\org\testng\testng\7.11.0\testng-7.11.0.jar;C:\Users\MariiaCherniak\.m2\repository\org\jcommander\jcommander\1.83\jcommander-1.83.jar;C:\Users\MariiaCherniak\.m2\repository\org\webjars\jquery\3.7.1\jquery-3.7.1.jar;C:\Users\MariiaCherniak\.m2\repository\org\apache\pdfbox\pdfbox\2.0.24\pdfbox-2.0.24.jar;C:\Users\MariiaCherniak\.m2\repository\org\apache\pdfbox\fontbox\2.0.24\fontbox-2.0.24.jar;C:\Users\MariiaCherniak\.m2\repository\commons-logging\commons-logging\1.2\commons-logging-1.2.jar;"/>
    <property name="java.vm.vendor" value="Amazon.com Inc."/>
    <property name="sun.arch.data.model" value="64"/>
    <property name="user.variant" value=""/>
    <property name="java.vendor.url" value="https://aws.amazon.com/corretto/"/>
    <property name="user.timezone" value="America/New_York"/>
    <property name="os.name" value="Windows 11"/>
    <property name="java.vm.specification.version" value="17"/>
    <property name="sun.java.launcher" value="SUN_STANDARD"/>
    <property name="user.country" value="US"/>
    <property name="sun.boot.library.path" value="C:\Program Files\Amazon Corretto\jdk17.0.10_7\bin"/>
    <property name="sun.java.command" value="C:\Users\MariiaCherniak\AppData\Local\Temp\surefire15928633031179280531\surefirebooter-20250718112207483_3.jar C:\Users\MariiaCherniak\AppData\Local\Temp\surefire15928633031179280531 2025-07-18T11-22-07_113-jvmRun1 surefire-20250718112207483_1tmp surefire_0-20250718112207483_2tmp"/>
    <property name="jdk.debug" value="release"/>
    <property name="surefire.test.class.path" value="C:\Users\MariiaCherniak\Documents\GitHub\FTJ\target\test-classes;C:\Users\MariiaCherniak\Documents\GitHub\FTJ\target\classes;C:\Users\MariiaCherniak\.m2\repository\com\vaadin\vaadin\24.3.7\vaadin-24.3.7.jar;C:\Users\MariiaCherniak\.m2\repository\com\vaadin\vaadin-internal\24.3.7\vaadin-internal-24.3.7.jar;C:\Users\MariiaCherniak\.m2\repository\com\vaadin\vaadin-core-internal\24.3.7\vaadin-core-internal-24.3.7.jar;C:\Users\MariiaCherniak\.m2\repository\com\vaadin\flow-server\24.3.7\flow-server-24.3.7.jar;C:\Users\MariiaCherniak\.m2\repository\com\vaadin\servletdetector\throw-if-servlet3\1.0.2\throw-if-servlet3-1.0.2.jar;C:\Users\MariiaCherniak\.m2\repository\org\apache\commons\commons-fileupload2-jakarta\2.0.0-M1\commons-fileupload2-jakarta-2.0.0-M1.jar;C:\Users\MariiaCherniak\.m2\repository\org\apache\commons\commons-fileupload2-core\2.0.0-M1\commons-fileupload2-core-2.0.0-M1.jar;C:\Users\MariiaCherniak\.m2\repository\com\fasterxml\jackson\core\jackson-core\2.16.0\jackson-core-2.16.0.jar;C:\Users\MariiaCherniak\.m2\repository\org\jsoup\jsoup\1.17.2\jsoup-1.17.2.jar;C:\Users\MariiaCherniak\.m2\repository\com\helger\ph-css\7.0.1\ph-css-7.0.1.jar;C:\Users\MariiaCherniak\.m2\repository\com\helger\commons\ph-commons\11.1.0\ph-commons-11.1.0.jar;C:\Users\MariiaCherniak\.m2\repository\org\ow2\asm\asm\9.6\asm-9.6.jar;C:\Users\MariiaCherniak\.m2\repository\com\vaadin\external\gentyref\1.2.0.vaadin1\gentyref-1.2.0.vaadin1.jar;C:\Users\MariiaCherniak\.m2\repository\com\vaadin\flow-lit-template\24.3.7\flow-lit-template-24.3.7.jar;C:\Users\MariiaCherniak\.m2\repository\com\vaadin\flow-push\24.3.7\flow-push-24.3.7.jar;C:\Users\MariiaCherniak\.m2\repository\com\vaadin\external\atmosphere\atmosphere-runtime\3.0.4.slf4jvaadin1\atmosphere-runtime-3.0.4.slf4jvaadin1.jar;C:\Users\MariiaCherniak\.m2\repository\com\vaadin\flow-client\24.3.7\flow-client-24.3.7.jar;C:\Users\MariiaCherniak\.m2\repository\com\vaadin\flow-html-components\24.3.7\flow-html-components-24.3.7.jar;C:\Users\MariiaCherniak\.m2\repository\com\vaadin\flow-data\24.3.7\flow-data-24.3.7.jar;C:\Users\MariiaCherniak\.m2\repository\com\vaadin\flow-dnd\24.3.7\flow-dnd-24.3.7.jar;C:\Users\MariiaCherniak\.m2\repository\com\vaadin\vaadin-lumo-theme\24.3.7\vaadin-lumo-theme-24.3.7.jar;C:\Users\MariiaCherniak\.m2\repository\com\vaadin\vaadin-material-theme\24.3.7\vaadin-material-theme-24.3.7.jar;C:\Users\MariiaCherniak\.m2\repository\com\vaadin\vaadin-accordion-flow\24.3.7\vaadin-accordion-flow-24.3.7.jar;C:\Users\MariiaCherniak\.m2\repository\com\vaadin\vaadin-avatar-flow\24.3.7\vaadin-avatar-flow-24.3.7.jar;C:\Users\MariiaCherniak\.m2\repository\com\vaadin\vaadin-button-flow\24.3.7\vaadin-button-flow-24.3.7.jar;C:\Users\MariiaCherniak\.m2\repository\com\vaadin\vaadin-checkbox-flow\24.3.7\vaadin-checkbox-flow-24.3.7.jar;C:\Users\MariiaCherniak\.m2\repository\com\vaadin\vaadin-combo-box-flow\24.3.7\vaadin-combo-box-flow-24.3.7.jar;C:\Users\MariiaCherniak\.m2\repository\com\vaadin\vaadin-confirm-dialog-flow\24.3.7\vaadin-confirm-dialog-flow-24.3.7.jar;C:\Users\MariiaCherniak\.m2\repository\com\vaadin\vaadin-custom-field-flow\24.3.7\vaadin-custom-field-flow-24.3.7.jar;C:\Users\MariiaCherniak\.m2\repository\com\vaadin\vaadin-date-picker-flow\24.3.7\vaadin-date-picker-flow-24.3.7.jar;C:\Users\MariiaCherniak\.m2\repository\com\vaadin\vaadin-date-time-picker-flow\24.3.7\vaadin-date-time-picker-flow-24.3.7.jar;C:\Users\MariiaCherniak\.m2\repository\com\vaadin\vaadin-details-flow\24.3.7\vaadin-details-flow-24.3.7.jar;C:\Users\MariiaCherniak\.m2\repository\com\vaadin\vaadin-time-picker-flow\24.3.7\vaadin-time-picker-flow-24.3.7.jar;C:\Users\MariiaCherniak\.m2\repository\com\vaadin\vaadin-select-flow\24.3.7\vaadin-select-flow-24.3.7.jar;C:\Users\MariiaCherniak\.m2\repository\com\vaadin\vaadin-side-nav-flow\24.3.7\vaadin-side-nav-flow-24.3.7.jar;C:\Users\MariiaCherniak\.m2\repository\com\vaadin\vaadin-dialog-flow\24.3.7\vaadin-dialog-flow-24.3.7.jar;C:\Users\MariiaCherniak\.m2\repository\com\vaadin\vaadin-form-layout-flow\24.3.7\vaadin-form-layout-flow-24.3.7.jar;C:\Users\MariiaCherniak\.m2\repository\com\vaadin\vaadin-field-highlighter-flow\24.3.7\vaadin-field-highlighter-flow-24.3.7.jar;C:\Users\MariiaCherniak\.m2\repository\com\vaadin\vaadin-grid-flow\24.3.7\vaadin-grid-flow-24.3.7.jar;C:\Users\MariiaCherniak\.m2\repository\com\vaadin\vaadin-icons-flow\24.3.7\vaadin-icons-flow-24.3.7.jar;C:\Users\MariiaCherniak\.m2\repository\com\vaadin\vaadin-virtual-list-flow\24.3.7\vaadin-virtual-list-flow-24.3.7.jar;C:\Users\MariiaCherniak\.m2\repository\com\vaadin\vaadin-list-box-flow\24.3.7\vaadin-list-box-flow-24.3.7.jar;C:\Users\MariiaCherniak\.m2\repository\com\vaadin\vaadin-login-flow\24.3.7\vaadin-login-flow-24.3.7.jar;C:\Users\MariiaCherniak\.m2\repository\com\vaadin\vaadin-messages-flow\24.3.7\vaadin-messages-flow-24.3.7.jar;C:\Users\MariiaCherniak\.m2\repository\com\vaadin\vaadin-ordered-layout-flow\24.3.7\vaadin-ordered-layout-flow-24.3.7.jar;C:\Users\MariiaCherniak\.m2\repository\com\vaadin\vaadin-progress-bar-flow\24.3.7\vaadin-progress-bar-flow-24.3.7.jar;C:\Users\MariiaCherniak\.m2\repository\com\vaadin\vaadin-radio-button-flow\24.3.7\vaadin-radio-button-flow-24.3.7.jar;C:\Users\MariiaCherniak\.m2\repository\com\vaadin\vaadin-renderer-flow\24.3.7\vaadin-renderer-flow-24.3.7.jar;C:\Users\MariiaCherniak\.m2\repository\com\vaadin\vaadin-split-layout-flow\24.3.7\vaadin-split-layout-flow-24.3.7.jar;C:\Users\MariiaCherniak\.m2\repository\com\vaadin\vaadin-tabs-flow\24.3.7\vaadin-tabs-flow-24.3.7.jar;C:\Users\MariiaCherniak\.m2\repository\com\vaadin\vaadin-text-field-flow\24.3.7\vaadin-text-field-flow-24.3.7.jar;C:\Users\MariiaCherniak\.m2\repository\com\vaadin\vaadin-upload-flow\24.3.7\vaadin-upload-flow-24.3.7.jar;C:\Users\MariiaCherniak\.m2\repository\com\vaadin\vaadin-notification-flow\24.3.7\vaadin-notification-flow-24.3.7.jar;C:\Users\MariiaCherniak\.m2\repository\com\vaadin\vaadin-app-layout-flow\24.3.7\vaadin-app-layout-flow-24.3.7.jar;C:\Users\MariiaCherniak\.m2\repository\com\vaadin\vaadin-context-menu-flow\24.3.7\vaadin-context-menu-flow-24.3.7.jar;C:\Users\MariiaCherniak\.m2\repository\com\vaadin\vaadin-menu-bar-flow\24.3.7\vaadin-menu-bar-flow-24.3.7.jar;C:\Users\MariiaCherniak\.m2\repository\com\vaadin\vaadin-board-flow\24.3.7\vaadin-board-flow-24.3.7.jar;C:\Users\MariiaCherniak\.m2\repository\com\vaadin\vaadin-charts-flow\24.3.7\vaadin-charts-flow-24.3.7.jar;C:\Users\MariiaCherniak\.m2\repository\com\vaadin\vaadin-cookie-consent-flow\24.3.7\vaadin-cookie-consent-flow-24.3.7.jar;C:\Users\MariiaCherniak\.m2\repository\com\vaadin\vaadin-crud-flow\24.3.7\vaadin-crud-flow-24.3.7.jar;C:\Users\MariiaCherniak\.m2\repository\com\vaadin\vaadin-flow-components-base\24.3.7\vaadin-flow-components-base-24.3.7.jar;C:\Users\MariiaCherniak\.m2\repository\com\vaadin\vaadin-grid-pro-flow\24.3.7\vaadin-grid-pro-flow-24.3.7.jar;C:\Users\MariiaCherniak\.m2\repository\com\vaadin\vaadin-map-flow\24.3.7\vaadin-map-flow-24.3.7.jar;C:\Users\MariiaCherniak\.m2\repository\com\vaadin\vaadin-rich-text-editor-flow\24.3.7\vaadin-rich-text-editor-flow-24.3.7.jar;C:\Users\MariiaCherniak\.m2\repository\com\vaadin\collaboration-engine\6.2.1\collaboration-engine-6.2.1.jar;C:\Users\MariiaCherniak\.m2\repository\com\fasterxml\jackson\core\jackson-databind\2.15.2\jackson-databind-2.15.2.jar;C:\Users\MariiaCherniak\.m2\repository\com\fasterxml\jackson\core\jackson-annotations\2.15.2\jackson-annotations-2.15.2.jar;C:\Users\MariiaCherniak\.m2\repository\com\fasterxml\jackson\datatype\jackson-datatype-jsr310\2.15.2\jackson-datatype-jsr310-2.15.2.jar;C:\Users\MariiaCherniak\.m2\repository\com\vaadin\vaadin-core\24.3.7\vaadin-core-24.3.7.jar;C:\Users\MariiaCherniak\.m2\repository\com\vaadin\vaadin-dev\24.3.7\vaadin-dev-24.3.7.jar;C:\Users\MariiaCherniak\.m2\repository\com\vaadin\vaadin-dev-server\24.3.7\vaadin-dev-server-24.3.7.jar;C:\Users\MariiaCherniak\.m2\repository\com\github\javaparser\javaparser-core\3.25.6\javaparser-core-3.25.6.jar;C:\Users\MariiaCherniak\.m2\repository\io\methvin\directory-watcher\0.18.0\directory-watcher-0.18.0.jar;C:\Users\MariiaCherniak\.m2\repository\com\vaadin\vaadin-dev-bundle\24.3.7\vaadin-dev-bundle-24.3.7.jar;C:\Users\MariiaCherniak\.m2\repository\org\parttio\line-awesome\2.0.0\line-awesome-2.0.0.jar;C:\Users\MariiaCherniak\.m2\repository\jakarta\servlet\jakarta.servlet-api\6.0.0\jakarta.servlet-api-6.0.0.jar;C:\Users\MariiaCherniak\.m2\repository\com\vaadin\vaadin-testbench\24.3.7\vaadin-testbench-24.3.7.jar;C:\Users\MariiaCherniak\.m2\repository\com\vaadin\flow-html-components-testbench\24.3.7\flow-html-components-testbench-24.3.7.jar;C:\Users\MariiaCherniak\.m2\repository\com\vaadin\vaadin-accordion-testbench\24.3.7\vaadin-accordion-testbench-24.3.7.jar;C:\Users\MariiaCherniak\.m2\repository\com\vaadin\vaadin-app-layout-testbench\24.3.7\vaadin-app-layout-testbench-24.3.7.jar;C:\Users\MariiaCherniak\.m2\repository\com\vaadin\vaadin-avatar-testbench\24.3.7\vaadin-avatar-testbench-24.3.7.jar;C:\Users\MariiaCherniak\.m2\repository\com\vaadin\vaadin-board-testbench\24.3.7\vaadin-board-testbench-24.3.7.jar;C:\Users\MariiaCherniak\.m2\repository\com\vaadin\vaadin-button-testbench\24.3.7\vaadin-button-testbench-24.3.7.jar;C:\Users\MariiaCherniak\.m2\repository\com\vaadin\vaadin-charts-testbench\24.3.7\vaadin-charts-testbench-24.3.7.jar;C:\Users\MariiaCherniak\.m2\repository\com\vaadin\vaadin-checkbox-testbench\24.3.7\vaadin-checkbox-testbench-24.3.7.jar;C:\Users\MariiaCherniak\.m2\repository\com\vaadin\vaadin-combo-box-testbench\24.3.7\vaadin-combo-box-testbench-24.3.7.jar;C:\Users\MariiaCherniak\.m2\repository\com\vaadin\vaadin-confirm-dialog-testbench\24.3.7\vaadin-confirm-dialog-testbench-24.3.7.jar;C:\Users\MariiaCherniak\.m2\repository\com\vaadin\vaadin-context-menu-testbench\24.3.7\vaadin-context-menu-testbench-24.3.7.jar;C:\Users\MariiaCherniak\.m2\repository\com\vaadin\vaadin-cookie-consent-testbench\24.3.7\vaadin-cookie-consent-testbench-24.3.7.jar;C:\Users\MariiaCherniak\.m2\repository\com\vaadin\vaadin-crud-testbench\24.3.7\vaadin-crud-testbench-24.3.7.jar;C:\Users\MariiaCherniak\.m2\repository\com\vaadin\vaadin-custom-field-testbench\24.3.7\vaadin-custom-field-testbench-24.3.7.jar;C:\Users\MariiaCherniak\.m2\repository\com\vaadin\vaadin-date-picker-testbench\24.3.7\vaadin-date-picker-testbench-24.3.7.jar;C:\Users\MariiaCherniak\.m2\repository\com\vaadin\vaadin-date-time-picker-testbench\24.3.7\vaadin-date-time-picker-testbench-24.3.7.jar;C:\Users\MariiaCherniak\.m2\repository\com\vaadin\vaadin-details-testbench\24.3.7\vaadin-details-testbench-24.3.7.jar;C:\Users\MariiaCherniak\.m2\repository\com\vaadin\vaadin-dialog-testbench\24.3.7\vaadin-dialog-testbench-24.3.7.jar;C:\Users\MariiaCherniak\.m2\repository\com\vaadin\vaadin-form-layout-testbench\24.3.7\vaadin-form-layout-testbench-24.3.7.jar;C:\Users\MariiaCherniak\.m2\repository\com\vaadin\vaadin-grid-testbench\24.3.7\vaadin-grid-testbench-24.3.7.jar;C:\Users\MariiaCherniak\.m2\repository\com\vaadin\vaadin-grid-pro-testbench\24.3.7\vaadin-grid-pro-testbench-24.3.7.jar;C:\Users\MariiaCherniak\.m2\repository\com\vaadin\vaadin-icons-testbench\24.3.7\vaadin-icons-testbench-24.3.7.jar;C:\Users\MariiaCherniak\.m2\repository\com\vaadin\vaadin-virtual-list-testbench\24.3.7\vaadin-virtual-list-testbench-24.3.7.jar;C:\Users\MariiaCherniak\.m2\repository\com\vaadin\vaadin-list-box-testbench\24.3.7\vaadin-list-box-testbench-24.3.7.jar;C:\Users\MariiaCherniak\.m2\repository\com\vaadin\vaadin-login-testbench\24.3.7\vaadin-login-testbench-24.3.7.jar;C:\Users\MariiaCherniak\.m2\repository\com\vaadin\vaadin-menu-bar-testbench\24.3.7\vaadin-menu-bar-testbench-24.3.7.jar;C:\Users\MariiaCherniak\.m2\repository\com\vaadin\vaadin-messages-testbench\24.3.7\vaadin-messages-testbench-24.3.7.jar;C:\Users\MariiaCherniak\.m2\repository\com\vaadin\vaadin-notification-testbench\24.3.7\vaadin-notification-testbench-24.3.7.jar;C:\Users\MariiaCherniak\.m2\repository\com\vaadin\vaadin-ordered-layout-testbench\24.3.7\vaadin-ordered-layout-testbench-24.3.7.jar;C:\Users\MariiaCherniak\.m2\repository\com\vaadin\vaadin-progress-bar-testbench\24.3.7\vaadin-progress-bar-testbench-24.3.7.jar;C:\Users\MariiaCherniak\.m2\repository\com\vaadin\vaadin-radio-button-testbench\24.3.7\vaadin-radio-button-testbench-24.3.7.jar;C:\Users\MariiaCherniak\.m2\repository\com\vaadin\vaadin-rich-text-editor-testbench\24.3.7\vaadin-rich-text-editor-testbench-24.3.7.jar;C:\Users\MariiaCherniak\.m2\repository\com\vaadin\vaadin-select-testbench\24.3.7\vaadin-select-testbench-24.3.7.jar;C:\Users\MariiaCherniak\.m2\repository\com\vaadin\vaadin-side-nav-testbench\24.3.7\vaadin-side-nav-testbench-24.3.7.jar;C:\Users\MariiaCherniak\.m2\repository\com\vaadin\vaadin-split-layout-testbench\24.3.7\vaadin-split-layout-testbench-24.3.7.jar;C:\Users\MariiaCherniak\.m2\repository\com\vaadin\vaadin-tabs-testbench\24.3.7\vaadin-tabs-testbench-24.3.7.jar;C:\Users\MariiaCherniak\.m2\repository\com\vaadin\vaadin-text-field-testbench\24.3.7\vaadin-text-field-testbench-24.3.7.jar;C:\Users\MariiaCherniak\.m2\repository\com\vaadin\vaadin-time-picker-testbench\24.3.7\vaadin-time-picker-testbench-24.3.7.jar;C:\Users\MariiaCherniak\.m2\repository\com\vaadin\vaadin-upload-testbench\24.3.7\vaadin-upload-testbench-24.3.7.jar;C:\Users\MariiaCherniak\.m2\repository\org\apache\poi\poi\5.2.3\poi-5.2.3.jar;C:\Users\MariiaCherniak\.m2\repository\commons-codec\commons-codec\1.15\commons-codec-1.15.jar;C:\Users\MariiaCherniak\.m2\repository\org\apache\commons\commons-collections4\4.4\commons-collections4-4.4.jar;C:\Users\MariiaCherniak\.m2\repository\org\apache\commons\commons-math3\3.6.1\commons-math3-3.6.1.jar;C:\Users\MariiaCherniak\.m2\repository\commons-io\commons-io\2.11.0\commons-io-2.11.0.jar;C:\Users\MariiaCherniak\.m2\repository\com\zaxxer\SparseBitSet\1.2\SparseBitSet-1.2.jar;C:\Users\MariiaCherniak\.m2\repository\org\apache\poi\poi-ooxml\5.2.3\poi-ooxml-5.2.3.jar;C:\Users\MariiaCherniak\.m2\repository\org\apache\poi\poi-ooxml-lite\5.2.3\poi-ooxml-lite-5.2.3.jar;C:\Users\MariiaCherniak\.m2\repository\org\apache\commons\commons-compress\1.21\commons-compress-1.21.jar;C:\Users\MariiaCherniak\.m2\repository\com\github\virtuald\curvesapi\1.07\curvesapi-1.07.jar;C:\Users\MariiaCherniak\.m2\repository\org\apache\poi\poi-ooxml-schemas\4.1.2\poi-ooxml-schemas-4.1.2.jar;C:\Users\MariiaCherniak\.m2\repository\org\apache\xmlbeans\xmlbeans\5.1.1\xmlbeans-5.1.1.jar;C:\Users\MariiaCherniak\.m2\repository\org\apache\logging\log4j\log4j-api\2.17.1\log4j-api-2.17.1.jar;C:\Users\MariiaCherniak\.m2\repository\org\apache\logging\log4j\log4j-core\2.17.1\log4j-core-2.17.1.jar;C:\Users\MariiaCherniak\.m2\repository\com\h2database\h2\2.2.224\h2-2.2.224.jar;C:\Users\MariiaCherniak\.m2\repository\com\vaadin\vaadin-testbench-core-junit5\9.2.3\vaadin-testbench-core-junit5-9.2.3.jar;C:\Users\MariiaCherniak\.m2\repository\org\seleniumhq\selenium\selenium-remote-driver\4.18.0\selenium-remote-driver-4.18.0.jar;C:\Users\MariiaCherniak\.m2\repository\com\google\guava\guava\33.0.0-jre\guava-33.0.0-jre.jar;C:\Users\MariiaCherniak\.m2\repository\com\google\guava\failureaccess\1.0.2\failureaccess-1.0.2.jar;C:\Users\MariiaCherniak\.m2\repository\com\google\guava\listenablefuture\9999.0-empty-to-avoid-conflict-with-guava\listenablefuture-9999.0-empty-to-avoid-conflict-with-guava.jar;C:\Users\MariiaCherniak\.m2\repository\com\google\code\findbugs\jsr305\3.0.2\jsr305-3.0.2.jar;C:\Users\MariiaCherniak\.m2\repository\org\checkerframework\checker-qual\3.41.0\checker-qual-3.41.0.jar;C:\Users\MariiaCherniak\.m2\repository\com\google\errorprone\error_prone_annotations\2.23.0\error_prone_annotations-2.23.0.jar;C:\Users\MariiaCherniak\.m2\repository\com\google\j2objc\j2objc-annotations\2.8\j2objc-annotations-2.8.jar;C:\Users\MariiaCherniak\.m2\repository\io\opentelemetry\semconv\opentelemetry-semconv\1.23.1-alpha\opentelemetry-semconv-1.23.1-alpha.jar;C:\Users\MariiaCherniak\.m2\repository\io\opentelemetry\opentelemetry-api\1.35.0\opentelemetry-api-1.35.0.jar;C:\Users\MariiaCherniak\.m2\repository\io\opentelemetry\opentelemetry-context\1.35.0\opentelemetry-context-1.35.0.jar;C:\Users\MariiaCherniak\.m2\repository\io\opentelemetry\opentelemetry-exporter-logging\1.35.0\opentelemetry-exporter-logging-1.35.0.jar;C:\Users\MariiaCherniak\.m2\repository\io\opentelemetry\opentelemetry-sdk-common\1.35.0\opentelemetry-sdk-common-1.35.0.jar;C:\Users\MariiaCherniak\.m2\repository\io\opentelemetry\opentelemetry-sdk-extension-autoconfigure-spi\1.35.0\opentelemetry-sdk-extension-autoconfigure-spi-1.35.0.jar;C:\Users\MariiaCherniak\.m2\repository\io\opentelemetry\opentelemetry-sdk-extension-autoconfigure\1.35.0\opentelemetry-sdk-extension-autoconfigure-1.35.0.jar;C:\Users\MariiaCherniak\.m2\repository\io\opentelemetry\opentelemetry-api-events\1.35.0-alpha\opentelemetry-api-events-1.35.0-alpha.jar;C:\Users\MariiaCherniak\.m2\repository\io\opentelemetry\opentelemetry-sdk-trace\1.35.0\opentelemetry-sdk-trace-1.35.0.jar;C:\Users\MariiaCherniak\.m2\repository\io\opentelemetry\opentelemetry-extension-incubator\1.35.0-alpha\opentelemetry-extension-incubator-1.35.0-alpha.jar;C:\Users\MariiaCherniak\.m2\repository\io\opentelemetry\opentelemetry-sdk\1.35.0\opentelemetry-sdk-1.35.0.jar;C:\Users\MariiaCherniak\.m2\repository\io\opentelemetry\opentelemetry-sdk-metrics\1.35.0\opentelemetry-sdk-metrics-1.35.0.jar;C:\Users\MariiaCherniak\.m2\repository\io\opentelemetry\opentelemetry-sdk-logs\1.35.0\opentelemetry-sdk-logs-1.35.0.jar;C:\Users\MariiaCherniak\.m2\repository\net\bytebuddy\byte-buddy\1.14.12\byte-buddy-1.14.12.jar;C:\Users\MariiaCherniak\.m2\repository\org\seleniumhq\selenium\selenium-http\4.18.0\selenium-http-4.18.0.jar;C:\Users\MariiaCherniak\.m2\repository\dev\failsafe\failsafe\3.3.2\failsafe-3.3.2.jar;C:\Users\MariiaCherniak\.m2\repository\org\seleniumhq\selenium\selenium-os\4.18.0\selenium-os-4.18.0.jar;C:\Users\MariiaCherniak\.m2\repository\org\apache\commons\commons-exec\1.3\commons-exec-1.3.jar;C:\Users\MariiaCherniak\.m2\repository\org\slf4j\slf4j-api\2.0.4\slf4j-api-2.0.4.jar;C:\Users\MariiaCherniak\.m2\repository\org\junit\jupiter\junit-jupiter\5.9.1\junit-jupiter-5.9.1.jar;C:\Users\MariiaCherniak\.m2\repository\org\junit\jupiter\junit-jupiter-params\5.9.1\junit-jupiter-params-5.9.1.jar;C:\Users\MariiaCherniak\.m2\repository\org\junit\jupiter\junit-jupiter-engine\5.9.1\junit-jupiter-engine-5.9.1.jar;C:\Users\MariiaCherniak\.m2\repository\org\junit\platform\junit-platform-engine\1.9.1\junit-platform-engine-1.9.1.jar;C:\Users\MariiaCherniak\.m2\repository\org\javassist\javassist\3.28.0-GA\javassist-3.28.0-GA.jar;C:\Users\MariiaCherniak\.m2\repository\com\vaadin\license-checker\1.12.8\license-checker-1.12.8.jar;C:\Users\MariiaCherniak\.m2\repository\com\github\oshi\oshi-core\6.4.10\oshi-core-6.4.10.jar;C:\Users\MariiaCherniak\.m2\repository\net\java\dev\jna\jna-platform\5.14.0\jna-platform-5.14.0.jar;C:\Users\MariiaCherniak\.m2\repository\com\nimbusds\nimbus-jose-jwt\9.37.3\nimbus-jose-jwt-9.37.3.jar;C:\Users\MariiaCherniak\.m2\repository\org\lucee\jcip-annotations\1.0.0\jcip-annotations-1.0.0.jar;C:\Users\MariiaCherniak\.m2\repository\com\vaadin\open\8.5.0\open-8.5.0.jar;C:\Users\MariiaCherniak\.m2\repository\com\vaadin\external\gwt\gwt-elemental\2.8.2.vaadin2\gwt-elemental-2.8.2.vaadin2.jar;C:\Users\MariiaCherniak\.m2\repository\com\vaadin\vaadin-testbench-unit-junit5\9.2.3\vaadin-testbench-unit-junit5-9.2.3.jar;C:\Users\MariiaCherniak\.m2\repository\com\vaadin\vaadin-testbench-unit-shared\9.2.3\vaadin-testbench-unit-shared-9.2.3.jar;C:\Users\MariiaCherniak\.m2\repository\io\github\classgraph\classgraph\4.8.146\classgraph-4.8.146.jar;C:\Users\MariiaCherniak\.m2\repository\org\jetbrains\kotlin\kotlin-stdlib-jdk8\1.6.21\kotlin-stdlib-jdk8-1.6.21.jar;C:\Users\MariiaCherniak\.m2\repository\org\jetbrains\kotlin\kotlin-stdlib\1.6.21\kotlin-stdlib-1.6.21.jar;C:\Users\MariiaCherniak\.m2\repository\org\jetbrains\kotlin\kotlin-stdlib-common\1.6.21\kotlin-stdlib-common-1.6.21.jar;C:\Users\MariiaCherniak\.m2\repository\org\jetbrains\annotations\13.0\annotations-13.0.jar;C:\Users\MariiaCherniak\.m2\repository\org\jetbrains\kotlin\kotlin-stdlib-jdk7\1.6.21\kotlin-stdlib-jdk7-1.6.21.jar;C:\Users\MariiaCherniak\.m2\repository\org\jetbrains\kotlin\kotlin-reflect\1.6.21\kotlin-reflect-1.6.21.jar;C:\Users\MariiaCherniak\.m2\repository\com\vaadin\vaadin-testbench-shared\9.2.3\vaadin-testbench-shared-9.2.3.jar;C:\Users\MariiaCherniak\.m2\repository\junit\junit\4.13.2\junit-4.13.2.jar;C:\Users\MariiaCherniak\.m2\repository\org\hamcrest\hamcrest-core\1.3\hamcrest-core-1.3.jar;C:\Users\MariiaCherniak\.m2\repository\org\jbehave\jbehave-core\5.1.1\jbehave-core-5.1.1.jar;C:\Users\MariiaCherniak\.m2\repository\org\junit\platform\junit-platform-launcher\1.9.2\junit-platform-launcher-1.9.2.jar;C:\Users\MariiaCherniak\.m2\repository\org\junit\vintage\junit-vintage-engine\5.9.2\junit-vintage-engine-5.9.2.jar;C:\Users\MariiaCherniak\.m2\repository\org\apache\commons\commons-lang3\3.12.0\commons-lang3-3.12.0.jar;C:\Users\MariiaCherniak\.m2\repository\org\apache\commons\commons-text\1.10.0\commons-text-1.10.0.jar;C:\Users\MariiaCherniak\.m2\repository\org\codehaus\plexus\plexus-utils\3.5.0\plexus-utils-3.5.0.jar;C:\Users\MariiaCherniak\.m2\repository\org\freemarker\freemarker\2.3.32\freemarker-2.3.32.jar;C:\Users\MariiaCherniak\.m2\repository\com\google\code\gson\gson\2.10.1\gson-2.10.1.jar;C:\Users\MariiaCherniak\.m2\repository\com\thoughtworks\paranamer\paranamer\2.8\paranamer-2.8.jar;C:\Users\MariiaCherniak\.m2\repository\org\slf4j\slf4j-simple\2.0.4\slf4j-simple-2.0.4.jar;C:\Users\MariiaCherniak\.m2\repository\io\github\bonigarcia\selenium-jupiter\5.1.0\selenium-jupiter-5.1.0.jar;C:\Users\MariiaCherniak\.m2\repository\org\seleniumhq\selenium\selenium-java\4.27.0\selenium-java-4.27.0.jar;C:\Users\MariiaCherniak\.m2\repository\org\seleniumhq\selenium\selenium-api\4.18.0\selenium-api-4.18.0.jar;C:\Users\MariiaCherniak\.m2\repository\org\seleniumhq\selenium\selenium-devtools-v129\4.27.0\selenium-devtools-v129-4.27.0.jar;C:\Users\MariiaCherniak\.m2\repository\org\seleniumhq\selenium\selenium-devtools-v130\4.27.0\selenium-devtools-v130-4.27.0.jar;C:\Users\MariiaCherniak\.m2\repository\org\seleniumhq\selenium\selenium-devtools-v131\4.27.0\selenium-devtools-v131-4.27.0.jar;C:\Users\MariiaCherniak\.m2\repository\org\seleniumhq\selenium\selenium-devtools-v85\4.18.0\selenium-devtools-v85-4.18.0.jar;C:\Users\MariiaCherniak\.m2\repository\org\seleniumhq\selenium\selenium-edge-driver\4.18.0\selenium-edge-driver-4.18.0.jar;C:\Users\MariiaCherniak\.m2\repository\org\seleniumhq\selenium\selenium-firefox-driver\4.18.0\selenium-firefox-driver-4.18.0.jar;C:\Users\MariiaCherniak\.m2\repository\org\seleniumhq\selenium\selenium-ie-driver\4.18.0\selenium-ie-driver-4.18.0.jar;C:\Users\MariiaCherniak\.m2\repository\org\seleniumhq\selenium\selenium-safari-driver\4.18.0\selenium-safari-driver-4.18.0.jar;C:\Users\MariiaCherniak\.m2\repository\org\seleniumhq\selenium\selenium-support\4.18.0\selenium-support-4.18.0.jar;C:\Users\MariiaCherniak\.m2\repository\io\github\bonigarcia\webdrivermanager\5.7.0\webdrivermanager-5.7.0.jar;C:\Users\MariiaCherniak\.m2\repository\com\github\docker-java\docker-java\3.3.5\docker-java-3.3.5.jar;C:\Users\MariiaCherniak\.m2\repository\com\github\docker-java\docker-java-core\3.3.5\docker-java-core-3.3.5.jar;C:\Users\MariiaCherniak\.m2\repository\com\github\docker-java\docker-java-api\3.3.5\docker-java-api-3.3.5.jar;C:\Users\MariiaCherniak\.m2\repository\org\bouncycastle\bcpkix-jdk18on\1.76\bcpkix-jdk18on-1.76.jar;C:\Users\MariiaCherniak\.m2\repository\org\bouncycastle\bcprov-jdk18on\1.76\bcprov-jdk18on-1.76.jar;C:\Users\MariiaCherniak\.m2\repository\org\bouncycastle\bcutil-jdk18on\1.76\bcutil-jdk18on-1.76.jar;C:\Users\MariiaCherniak\.m2\repository\org\slf4j\jcl-over-slf4j\1.7.30\jcl-over-slf4j-1.7.30.jar;C:\Users\MariiaCherniak\.m2\repository\com\github\docker-java\docker-java-transport-httpclient5\3.3.5\docker-java-transport-httpclient5-3.3.5.jar;C:\Users\MariiaCherniak\.m2\repository\com\github\docker-java\docker-java-transport\3.3.5\docker-java-transport-3.3.5.jar;C:\Users\MariiaCherniak\.m2\repository\net\java\dev\jna\jna\5.14.0\jna-5.14.0.jar;C:\Users\MariiaCherniak\.m2\repository\org\brotli\dec\0.1.2\dec-0.1.2.jar;C:\Users\MariiaCherniak\.m2\repository\org\apache\httpcomponents\client5\httpclient5\5.2.1\httpclient5-5.2.1.jar;C:\Users\MariiaCherniak\.m2\repository\org\apache\httpcomponents\core5\httpcore5\5.2\httpcore5-5.2.jar;C:\Users\MariiaCherniak\.m2\repository\org\apache\httpcomponents\core5\httpcore5-h2\5.2\httpcore5-h2-5.2.jar;C:\Users\MariiaCherniak\.m2\repository\org\junit\jupiter\junit-jupiter-api\5.10.2\junit-jupiter-api-5.10.2.jar;C:\Users\MariiaCherniak\.m2\repository\org\opentest4j\opentest4j\1.3.0\opentest4j-1.3.0.jar;C:\Users\MariiaCherniak\.m2\repository\org\junit\platform\junit-platform-commons\1.10.2\junit-platform-commons-1.10.2.jar;C:\Users\MariiaCherniak\.m2\repository\org\apiguardian\apiguardian-api\1.1.2\apiguardian-api-1.1.2.jar;C:\Users\MariiaCherniak\.m2\repository\com\vaadin\vaadin-testbench-core\9.2.2\vaadin-testbench-core-9.2.2.jar;C:\Users\MariiaCherniak\.m2\repository\com\vaadin\vaadin-testbench-unit\9.2.3\vaadin-testbench-unit-9.2.3.jar;C:\Users\MariiaCherniak\.m2\repository\org\seleniumhq\selenium\selenium-chrome-driver\4.18.0\selenium-chrome-driver-4.18.0.jar;C:\Users\MariiaCherniak\.m2\repository\com\google\auto\service\auto-service-annotations\1.1.1\auto-service-annotations-1.1.1.jar;C:\Users\MariiaCherniak\.m2\repository\org\seleniumhq\selenium\selenium-chromium-driver\4.18.0\selenium-chromium-driver-4.18.0.jar;C:\Users\MariiaCherniak\.m2\repository\org\seleniumhq\selenium\selenium-json\4.18.0\selenium-json-4.18.0.jar;C:\Users\MariiaCherniak\.m2\repository\org\seleniumhq\selenium\selenium-manager\4.18.0\selenium-manager-4.18.0.jar;C:\Users\MariiaCherniak\.m2\repository\org\testng\testng\7.11.0\testng-7.11.0.jar;C:\Users\MariiaCherniak\.m2\repository\org\jcommander\jcommander\1.83\jcommander-1.83.jar;C:\Users\MariiaCherniak\.m2\repository\org\webjars\jquery\3.7.1\jquery-3.7.1.jar;C:\Users\MariiaCherniak\.m2\repository\org\apache\pdfbox\pdfbox\2.0.24\pdfbox-2.0.24.jar;C:\Users\MariiaCherniak\.m2\repository\org\apache\pdfbox\fontbox\2.0.24\fontbox-2.0.24.jar;C:\Users\MariiaCherniak\.m2\repository\commons-logging\commons-logging\1.2\commons-logging-1.2.jar;"/>
    <property name="sun.cpu.endian" value="little"/>
    <property name="user.home" value="C:\Users\MariiaCherniak"/>
    <property name="user.language" value="en"/>
    <property name="java.specification.vendor" value="Oracle Corporation"/>
    <property name="java.version.date" value="2024-01-16"/>
    <property name="java.home" value="C:\Program Files\Amazon Corretto\jdk17.0.10_7"/>
    <property name="file.separator" value="\"/>
    <property name="basedir" value="C:\Users\MariiaCherniak\Documents\GitHub\FTJ"/>
    <property name="java.vm.compressedOopsMode" value="Zero based"/>
    <property name="line.separator" value="&#10;"/>
    <property name="java.vm.specification.vendor" value="Oracle Corporation"/>
    <property name="java.specification.name" value="Java Platform API Specification"/>
    <property name="surefire.real.class.path" value="C:\Users\MariiaCherniak\AppData\Local\Temp\surefire15928633031179280531\surefirebooter-20250718112207483_3.jar"/>
    <property name="user.script" value=""/>
    <property name="sun.management.compiler" value="HotSpot 64-Bit Tiered Compilers"/>
    <property name="java.runtime.version" value="17.0.10+7-LTS"/>
    <property name="user.name" value="MariiaCherniak"/>
    <property name="path.separator" value=";"/>
    <property name="os.version" value="10.0"/>
    <property name="java.runtime.name" value="OpenJDK Runtime Environment"/>
    <property name="file.encoding" value="Cp1252"/>
    <property name="jnidispatch.path" value="C:\Users\MARIIA~1\AppData\Local\Temp\jna--1902388134\jna16069195902343757785.dll"/>
    <property name="java.vm.name" value="OpenJDK 64-Bit Server VM"/>
    <property name="java.vendor.version" value="Corretto-17.0.10.7.1"/>
    <property name="localRepository" value="C:\Users\MariiaCherniak\.m2\repository"/>
    <property name="jna.loaded" value="true"/>
    <property name="java.vendor.url.bug" value="https://github.com/corretto/corretto-17/issues/"/>
    <property name="java.io.tmpdir" value="C:\Users\MARIIA~1\AppData\Local\Temp\"/>
    <property name="java.version" value="17.0.10"/>
    <property name="user.dir" value="C:\Users\MariiaCherniak\Documents\GitHub\FTJ"/>
    <property name="os.arch" value="amd64"/>
    <property name="java.vm.specification.name" value="Java Virtual Machine Specification"/>
    <property name="sun.os.patch.level" value=""/>
    <property name="native.encoding" value="Cp1252"/>
    <property name="java.library.path" value="C:\Program Files\Amazon Corretto\jdk17.0.10_7\bin;C:\WINDOWS\Sun\Java\bin;C:\WINDOWS\system32;C:\WINDOWS;C:\Program Files\Amazon Corretto\jdk17.0.10_7\bin;C:\Program Files\Amazon Corretto\jdk17.0.10_7;C:\Program Files\gradle-7.5.1-all\gradle-7.5.1\bin;C:\WINDOWS;C:\WINDOWS\System32\Wbem;C:\WINDOWS\System32\WindowsPowerShell\v1.0\;C:\WINDOWS\System32\OpenSSH\;C:\Program Files\TortoiseSVN\bin;C:\Program Files\Java\jdk-18.0.2.1\bin;C:\Program Files\Maven\apache-maven-3.6.3\bin;C:\Program Files\Git\cmd;C:\Program Files\Amazon Corretto\jdk17.0.10_7\bin;C:\Program Files\Maven\apache-maven-3.9.6\bin;C:\Program Files\apache-tomcat-9.0.87-windows-x64\apache-tomcat-9.0.87;C:\Program Files\MySQL\MySQL Server 8.0\bin;C:\Program Files\nodejs\node_modules\npm\bin;C:\Windows\System32;C:\Program Files (x86)\HP\Common\HPDestPlgIn\;C:\WINDOWS\system32;C:\webdriver\chromedriver\win32\chromedriver-win32\chromedriver.exe;C:\Tools\allure\bin;C:\Program Files\PuTTY\;C:\Program Files\nodejs\;C:\Users\MariiaCherniak\AppData\Local\GitHubDesktop\bin;C:\Users\MariiaCherniak\AppData\Roaming\npm;C:\Program Files\Amazon Corretto\jdk17.0.10_7\bin;C:\Program Files\Amazon Corretto\jdk17.0.10_7;C:\Program Files\gradle-7.5.1-all\gradle-7.5.1\bin;C:\WINDOWS;C:\WINDOWS\System32\Wbem;C:\WINDOWS\System32\WindowsPowerShell\v1.0\;C:\WINDOWS\System32\OpenSSH\;C:\Program Files\TortoiseSVN\bin;C:\Program Files\Java\jdk-18.0.2.1\bin;C:\Program Files\Maven\apache-maven-3.6.3\bin;C:\Program Files\Git\cmd;C:\Program Files\Amazon Corretto\jdk17.0.10_7\bin;C:\Program Files\Maven\apache-maven-3.9.6\bin;C:\Program Files\apache-tomcat-9.0.87-windows-x64\apache-tomcat-9.0.87;C:\Program Files\MySQL\MySQL Server 8.0\bin;C:\Program Files\nodejs\node_modules\npm\bin;C:\Windows\System32;C:\Program Files (x86)\HP\Common\HPDestPlgIn\;C:\WINDOWS\system32;C:\webdriver\chromedriver\win32\chromedriver-win32\chromedriver.exe;C:\Tools\allure\bin;C:\Program Files\PuTTY\;C:\Program Files\nodejs\;C:\Users\MariiaCherniak\AppData\Local\GitHubDesktop\bin;C:\Users\MariiaCherniak\AppData\Roaming\npm;C:\webdriver\chromedriver\win32\chromedriver-win32\chromedriver.exe;C:\Users\MariiaCherniak\AppData\Local\GitHubDesktop\bin;C:\Users\MariiaCherniak\AppData\Roaming\npm;C:\Program Files\liquibase-pro;."/>
    <property name="java.vm.info" value="mixed mode, sharing"/>
    <property name="java.vendor" value="Amazon.com Inc."/>
    <property name="java.vm.version" value="17.0.10+7-LTS"/>
    <property name="sun.io.unicode.encoding" value="UnicodeLittle"/>
    <property name="java.class.version" value="61.0"/>
    <property name="maven.test.failure.ignore" value="true"/>
    <property name="webdriver.http.factory" value="jdk-http-client"/>
  </properties>
  <testcase name="payEFT" classname="com.vaadin.testbenchexample.TermLifeIT" time="13.075">
    <system-err><![CDATA[Jul 18, 2025 11:24:58 AM org.openqa.selenium.devtools.CdpVersionFinder findNearestMatch
WARNING: Unable to find CDP implementation matching 138
Jul 18, 2025 11:24:58 AM org.openqa.selenium.chromium.ChromiumDriver lambda$new$5
WARNING: Unable to find version of CDP to use for 138.0.7204.102. You may need to include a dependency on a specific version of the CDP using something similar to `org.seleniumhq.selenium:selenium-devtools-v86:4.18.0` where the version ("v86") matches the version of the chromium-based browser you're using and the version number of the artifact is the same as Selenium's.
]]></system-err>
  </testcase>
  <testcase name="addNewBusinessEFT" classname="com.vaadin.testbenchexample.TermLifeIT" time="26.527">
    <system-err><![CDATA[Jul 18, 2025 11:25:11 AM org.openqa.selenium.devtools.CdpVersionFinder findNearestMatch
WARNING: Unable to find CDP implementation matching 138
Jul 18, 2025 11:25:11 AM org.openqa.selenium.chromium.ChromiumDriver lambda$new$5
WARNING: Unable to find version of CDP to use for 138.0.7204.102. You may need to include a dependency on a specific version of the CDP using something similar to `org.seleniumhq.selenium:selenium-devtools-v86:4.18.0` where the version ("v86") matches the version of the chromium-based browser you're using and the version number of the artifact is the same as Selenium's.
]]></system-err>
  </testcase>
  <testcase name="addNewBusiness" classname="com.vaadin.testbenchexample.TermLifeIT" time="21.843">
    <system-err><![CDATA[Jul 18, 2025 11:25:37 AM org.openqa.selenium.devtools.CdpVersionFinder findNearestMatch
WARNING: Unable to find CDP implementation matching 138
Jul 18, 2025 11:25:37 AM org.openqa.selenium.chromium.ChromiumDriver lambda$new$5
WARNING: Unable to find version of CDP to use for 138.0.7204.102. You may need to include a dependency on a specific version of the CDP using something similar to `org.seleniumhq.selenium:selenium-devtools-v86:4.18.0` where the version ("v86") matches the version of the chromium-based browser you're using and the version number of the artifact is the same as Selenium's.
]]></system-err>
  </testcase>
  <testcase name="addSuspense" classname="com.vaadin.testbenchexample.TermLifeIT" time="24.385">
    <system-err><![CDATA[Jul 18, 2025 11:25:59 AM org.openqa.selenium.devtools.CdpVersionFinder findNearestMatch
WARNING: Unable to find CDP implementation matching 138
Jul 18, 2025 11:25:59 AM org.openqa.selenium.chromium.ChromiumDriver lambda$new$5
WARNING: Unable to find version of CDP to use for 138.0.7204.102. You may need to include a dependency on a specific version of the CDP using something similar to `org.seleniumhq.selenium:selenium-devtools-v86:4.18.0` where the version ("v86") matches the version of the chromium-based browser you're using and the version number of the artifact is the same as Selenium's.
]]></system-err>
  </testcase>
</testsuite>